# JRE version: OpenJDK Runtime Environment Temurin-21+35-202309042131 (21.0+35) (build 21-beta+35-ea)
# Java VM: OpenJDK 64-Bit Server VM Temurin-21+35-202309042131 (21-beta+35-ea, mixed mode, emulated-client, sharing, tiered, compressed oops, compressed class ptrs, g1 gc, windows-amd64)
GC Precious Log:
 CardTable entry size: 512
 Card Set container configuration: InlinePtr #cards 5 size 8 Array Of Cards #cards 12 size 40 Howl #buckets 4 coarsen threshold 1843 Howl Bitmap #cards 512 size 80 coarsen threshold 460 Card regions per heap region 1 cards per card region 2048
 CPUs: 8 total, 8 available
 Memory: 8070M
 Large Page Support: Disabled
 NUMA Support: Disabled
 Compressed Oops: Enabled (32-bit)
 Heap Region Size: 1M
 Heap Min Capacity: 8M
 Heap Initial Capacity: 128M
 Heap Max Capacity: 2018M
 Pre-touch: Disabled
 Parallel Workers: 8
 Concurrent Workers: 2
 Concurrent Refinement Workers: 8
 Periodic GC: Disabled
Heap:
 garbage-first heap   total 182272K, used 84042K [0x0000000081e00000, 0x0000000100000000)
  region size 1024K, 9 young (9216K), 6 survivors (6144K)
 Metaspace       used 81879K, committed 83328K, reserved 1179648K
  class space    used 11107K, committed 11840K, reserved 1048576K
GC Heap History (20 events):
Event: 84.155 GC heap before
{Heap before GC invocations=37 (full 1):
 garbage-first heap   total 151552K, used 86538K [0x0000000081e00000, 0x0000000100000000)
  region size 1024K, 27 young (27648K), 10 survivors (10240K)
 Metaspace       used 81878K, committed 83264K, reserved 1179648K
  class space    used 11225K, committed 11840K, reserved 1048576K
}
Event: 84.161 GC heap after
{Heap after GC invocations=38 (full 1):
 garbage-first heap   total 151552K, used 77273K [0x0000000081e00000, 0x0000000100000000)
  region size 1024K, 6 young (6144K), 6 survivors (6144K)
 Metaspace       used 81878K, committed 83264K, reserved 1179648K
  class space    used 11225K, committed 11840K, reserved 1048576K
}
Event: 84.368 GC heap before
{Heap before GC invocations=39 (full 1):
 garbage-first heap   total 186368K, used 122329K [0x0000000081e00000, 0x0000000100000000)
  region size 1024K, 51 young (52224K), 6 survivors (6144K)
 Metaspace       used 80717K, committed 83264K, reserved 1179648K
  class space    used 10939K, committed 11840K, reserved 1048576K
}
Event: 84.375 GC heap after
{Heap after GC invocations=40 (full 1):
 garbage-first heap   total 186368K, used 83939K [0x0000000081e00000, 0x0000000100000000)
  region size 1024K, 7 young (7168K), 7 survivors (7168K)
 Metaspace       used 80717K, committed 83264K, reserved 1179648K
  class space    used 10939K, committed 11840K, reserved 1048576K
}
Event: 179.054 GC heap before
{Heap before GC invocations=40 (full 1):
 garbage-first heap   total 186368K, used 148451K [0x0000000081e00000, 0x0000000100000000)
  region size 1024K, 70 young (71680K), 7 survivors (7168K)
 Metaspace       used 81790K, committed 83264K, reserved 1179648K
  class space    used 11144K, committed 11840K, reserved 1048576K
}
Event: 179.064 GC heap after
{Heap after GC invocations=41 (full 1):
 garbage-first heap   total 272384K, used 90594K [0x0000000081e00000, 0x0000000100000000)
  region size 1024K, 8 young (8192K), 8 survivors (8192K)
 Metaspace       used 81790K, committed 83264K, reserved 1179648K
  class space    used 11144K, committed 11840K, reserved 1048576K
}
Event: 285.770 GC heap before
{Heap before GC invocations=41 (full 1):
 garbage-first heap   total 272384K, used 117218K [0x0000000081e00000, 0x0000000100000000)
  region size 1024K, 35 young (35840K), 8 survivors (8192K)
 Metaspace       used 81799K, committed 83264K, reserved 1179648K
  class space    used 11144K, committed 11840K, reserved 1048576K
}
Event: 285.820 GC heap after
{Heap after GC invocations=42 (full 2):
 garbage-first heap   total 126976K, used 34749K [0x0000000081e00000, 0x0000000100000000)
  region size 1024K, 0 young (0K), 0 survivors (0K)
 Metaspace       used 81073K, committed 83264K, reserved 1179648K
  class space    used 10969K, committed 11840K, reserved 1048576K
}
Event: 289.289 GC heap before
{Heap before GC invocations=42 (full 2):
 garbage-first heap   total 126976K, used 93117K [0x0000000081e00000, 0x0000000100000000)
  region size 1024K, 58 young (59392K), 0 survivors (0K)
 Metaspace       used 81314K, committed 83264K, reserved 1179648K
  class space    used 11022K, committed 11840K, reserved 1048576K
}
Event: 289.294 GC heap after
{Heap after GC invocations=43 (full 2):
 garbage-first heap   total 126976K, used 40893K [0x0000000081e00000, 0x0000000100000000)
  region size 1024K, 6 young (6144K), 6 survivors (6144K)
 Metaspace       used 81314K, committed 83264K, reserved 1179648K
  class space    used 11022K, committed 11840K, reserved 1048576K
}
Event: 289.626 GC heap before
{Heap before GC invocations=44 (full 2):
 garbage-first heap   total 126976K, used 98237K [0x0000000081e00000, 0x0000000100000000)
  region size 1024K, 62 young (63488K), 6 survivors (6144K)
 Metaspace       used 81626K, committed 83264K, reserved 1179648K
  class space    used 11065K, committed 11840K, reserved 1048576K
}
Event: 289.631 GC heap after
{Heap after GC invocations=45 (full 2):
 garbage-first heap   total 126976K, used 43747K [0x0000000081e00000, 0x0000000100000000)
  region size 1024K, 4 young (4096K), 4 survivors (4096K)
 Metaspace       used 81626K, committed 83264K, reserved 1179648K
  class space    used 11065K, committed 11840K, reserved 1048576K
}
Event: 289.745 GC heap before
{Heap before GC invocations=45 (full 2):
 garbage-first heap   total 126976K, used 102115K [0x0000000081e00000, 0x0000000100000000)
  region size 1024K, 60 young (61440K), 4 survivors (4096K)
 Metaspace       used 81638K, committed 83264K, reserved 1179648K
  class space    used 11068K, committed 11840K, reserved 1048576K
}
Event: 289.751 GC heap after
{Heap after GC invocations=46 (full 2):
 garbage-first heap   total 126976K, used 55003K [0x0000000081e00000, 0x0000000100000000)
  region size 1024K, 8 young (8192K), 8 survivors (8192K)
 Metaspace       used 81638K, committed 83264K, reserved 1179648K
  class space    used 11068K, committed 11840K, reserved 1048576K
}
Event: 289.827 GC heap before
{Heap before GC invocations=46 (full 2):
 garbage-first heap   total 126976K, used 92891K [0x0000000081e00000, 0x0000000100000000)
  region size 1024K, 46 young (47104K), 8 survivors (8192K)
 Metaspace       used 81646K, committed 83264K, reserved 1179648K
  class space    used 11070K, committed 11840K, reserved 1048576K
}
Event: 289.835 GC heap after
{Heap after GC invocations=47 (full 2):
 garbage-first heap   total 126976K, used 64271K [0x0000000081e00000, 0x0000000100000000)
  region size 1024K, 7 young (7168K), 7 survivors (7168K)
 Metaspace       used 81646K, committed 83264K, reserved 1179648K
  class space    used 11070K, committed 11840K, reserved 1048576K
}
Event: 289.894 GC heap before
{Heap before GC invocations=47 (full 2):
 garbage-first heap   total 126976K, used 105231K [0x0000000081e00000, 0x0000000100000000)
  region size 1024K, 46 young (47104K), 7 survivors (7168K)
 Metaspace       used 81646K, committed 83264K, reserved 1179648K
  class space    used 11070K, committed 11840K, reserved 1048576K
}
Event: 289.902 GC heap after
{Heap after GC invocations=48 (full 2):
 garbage-first heap   total 182272K, used 75535K [0x0000000081e00000, 0x0000000100000000)
  region size 1024K, 6 young (6144K), 6 survivors (6144K)
 Metaspace       used 81646K, committed 83264K, reserved 1179648K
  class space    used 11070K, committed 11840K, reserved 1048576K
}
Event: 366.674 GC heap before
{Heap before GC invocations=49 (full 2):
 garbage-first heap   total 182272K, used 139023K [0x0000000081e00000, 0x0000000100000000)
  region size 1024K, 68 young (69632K), 6 survivors (6144K)
 Metaspace       used 81867K, committed 83328K, reserved 1179648K
  class space    used 11106K, committed 11840K, reserved 1048576K
}
Event: 366.687 GC heap after
{Heap after GC invocations=50 (full 2):
 garbage-first heap   total 182272K, used 81994K [0x0000000081e00000, 0x0000000100000000)
  region size 1024K, 6 young (6144K), 6 survivors (6144K)
 Metaspace       used 81867K, committed 83328K, reserved 1179648K
  class space    used 11106K, committed 11840K, reserved 1048576K
}

